System.IO.IOException: The process cannot access the file 'E:\Music\Playlists\Brazil Up Tempo.m3u' because it is being used by another process.
   at System.IO.__Error.WinIOError(Int32 errorCode, String maybeFullPath)
   at System.IO.FileStream.Init(String path, FileMode mode, FileAccess access, Int32 rights, Boolean useRights, FileShare share, Int32 bufferSize, FileOptions options, SECURITY_ATTRIBUTES secAttrs, String msgPath, Boolean bFromProxy)
   at System.IO.FileStream..ctor(String path, FileMode mode, FileAccess access, FileShare share, Int32 bufferSize, FileOptions options)
   at System.IO.StreamWriter.CreateFile(String path, Boolean append)
   at System.IO.StreamWriter..ctor(String path, Boolean append, Encoding encoding, Int32 bufferSize)
   at System.IO.StreamWriter..ctor(String path, Boolean append, Encoding encoding)
   at System.IO.File.WriteAllText(String path, String contents, Encoding encoding)
   at Falafel.Shuffler.Engine.Library.SavePlaylist(Playlist playlist) in E:\Development\Falafel.Shuffler\Falafel.Shuffler.Engine\Library.cs:line 1291
   at Falafel.Shuffler.Engine.Library.LoadPlaylist(String playlistFile) in E:\Development\Falafel.Shuffler\Falafel.Shuffler.Engine\Library.cs:line 1267
   at Falafel.Shuffler.Engine.Library.LoadPlaylists() in E:\Development\Falafel.Shuffler\Falafel.Shuffler.Engine\Library.cs:line 1117
   at Falafel.Shuffler.Forms.frmMain..ctor() in E:\Development\Falafel.Shuffler\Falafel.Shuffler\Forms\frmMain.cs:line 122
   at Falafel.Shuffler.Program.Main() in E:\Development\Falafel.Shuffler\Falafel.Shuffler\Program.cs:line 35
   at System.IO.__Error.WinIOError(Int32 errorCode, String maybeFullPath)
   at System.IO.FileStream.Init(String path, FileMode mode, FileAccess access, Int32 rights, Boolean useRights, FileShare share, Int32 bufferSize, FileOptions options, SECURITY_ATTRIBUTES secAttrs, String msgPath, Boolean bFromProxy)
   at System.IO.FileStream..ctor(String path, FileMode mode, FileAccess access, FileShare share, Int32 bufferSize, FileOptions options)
   at System.IO.StreamWriter.CreateFile(String path, Boolean append)
   at System.IO.StreamWriter..ctor(String path, Boolean append, Encoding encoding, Int32 bufferSize)
   at System.IO.StreamWriter..ctor(String path, Boolean append, Encoding encoding)
   at System.IO.File.WriteAllText(String path, String contents, Encoding encoding)
   at Falafel.Shuffler.Engine.Library.SavePlaylist(Playlist playlist) in E:\Development\Falafel.Shuffler\Falafel.Shuffler.Engine\Library.cs:line 1291
   at Falafel.Shuffler.Engine.Library.LoadPlaylist(String playlistFile) in E:\Development\Falafel.Shuffler\Falafel.Shuffler.Engine\Library.cs:line 1267
   at Falafel.Shuffler.Engine.Library.LoadPlaylists() in E:\Development\Falafel.Shuffler\Falafel.Shuffler.Engine\Library.cs:line 1117
   at Falafel.Shuffler.Forms.frmMain..ctor() in E:\Development\Falafel.Shuffler\Falafel.Shuffler\Forms\frmMain.cs:line 122
   at Falafel.Shuffler.Program.Main() in E:\Development\Falafel.Shuffler\Falafel.Shuffler\Program.cs:line 35