System.InvalidOperationException: There is an error in XML document (11844, 9). ---> System.Xml.XmlException: Unexpected end of file while parsing Name has occurred. Line 11844, position 9.
   at System.Xml.XmlTextReaderImpl.Throw(Exception e)
   at System.Xml.XmlTextReaderImpl.Throw(String res, String arg)
   at System.Xml.XmlTextReaderImpl.Throw(Int32 pos, String res, String arg)
   at System.Xml.XmlTextReaderImpl.ParseQName(Boolean isQName, Int32 startOffset, Int32& colonPos)
   at System.Xml.XmlTextReaderImpl.ParseElement()
   at System.Xml.XmlTextReaderImpl.ParseElementContent()
   at System.Xml.XmlTextReaderImpl.Read()
   at System.Xml.XmlTextReader.Read()
   at System.Xml.XmlReader.ReadElementString()
   at Microsoft.Xml.Serialization.GeneratedAssembly.XmlSerializationReaderList1.Read2_Track(Boolean isNullable, Boolean checkType)
   at Microsoft.Xml.Serialization.GeneratedAssembly.XmlSerializationReaderList1.Read3_ArrayOfTrack()
   --- End of inner exception stack trace ---
   at System.Xml.Serialization.XmlSerializer.Deserialize(XmlReader xmlReader, String encodingStyle, XmlDeserializationEvents events)
   at System.Xml.Serialization.XmlSerializer.Deserialize(TextReader textReader)
   at Halloumi.Common.Helpers.SerializationHelper`1.FromXmlFile(String filename)
   at Halloumi.Shuffler.AudioLibrary.Library.LoadFromCache() in C:\Users\jason\Documents\GitHub\Halloumi.Shuffler\Halloumi.Shuffler.Engine\Library.cs:line 664
   at Halloumi.Shuffler.Forms.FrmMain..ctor() in C:\Users\jason\Documents\GitHub\Halloumi.Shuffler\Halloumi.Shuffler\Forms\frmMain.cs:line 108
   at Halloumi.Shuffler.Program.Main() in C:\Users\jason\Documents\GitHub\Halloumi.Shuffler\Halloumi.Shuffler\Program.cs:line 31
   at System.Xml.Serialization.XmlSerializer.Deserialize(XmlReader xmlReader, String encodingStyle, XmlDeserializationEvents events)
   at System.Xml.Serialization.XmlSerializer.Deserialize(TextReader textReader)
   at Halloumi.Common.Helpers.SerializationHelper`1.FromXmlFile(String filename)
   at Halloumi.Shuffler.AudioLibrary.Library.LoadFromCache() in C:\Users\jason\Documents\GitHub\Halloumi.Shuffler\Halloumi.Shuffler.Engine\Library.cs:line 664
   at Halloumi.Shuffler.Forms.FrmMain..ctor() in C:\Users\jason\Documents\GitHub\Halloumi.Shuffler\Halloumi.Shuffler\Forms\frmMain.cs:line 108
   at Halloumi.Shuffler.Program.Main() in C:\Users\jason\Documents\GitHub\Halloumi.Shuffler\Halloumi.Shuffler\Program.cs:line 31